  controller.cpp
  코드를 생성하고 있습니다...
  건너뛰고 있습니다... (관련된 변경 내용 없음)
  main.cpp
main.obj : error LNK2005: "public: virtual void __thiscall LeapEventListener::onConnect(class Leap::Controller const &)" (?onConnect@LeapEventListener@@UAEXABVController@Leap@@@Z)이(가) controller.obj에 이미 정의되어 있습니다.
main.obj : error LNK2005: "public: virtual void __thiscall LeapEventListener::onDisconnect(class Leap::Controller const &)" (?onDisconnect@LeapEventListener@@UAEXABVController@Leap@@@Z)이(가) controller.obj에 이미 정의되어 있습니다.
main.obj : error LNK2005: "public: virtual void __thiscall LeapEventListener::onFrame(class Leap::Controller const &)" (?onFrame@LeapEventListener@@UAEXABVController@Leap@@@Z)이(가) controller.obj에 이미 정의되어 있습니다.
controller.obj : error LNK2019: "__declspec(dllimport) protected: virtual __thiscall Leap::Interface::~Interface(void)" (__imp_??1Interface@Leap@@MAE@XZ) 외부 기호(참조 위치: "public: virtual __thiscall Leap::Config::~Config(void)" (??1Config@Leap@@UAE@XZ) 함수)에서 확인하지 못했습니다.
main.obj : error LNK2001: "__declspec(dllimport) protected: virtual __thiscall Leap::Interface::~Interface(void)" (__imp_??1Interface@Leap@@MAE@XZ) 외부 기호를 확인할 수 없습니다.
controller.obj : error LNK2019: "__declspec(dllimport) public: class Leap::HandList __thiscall Leap::Frame::hands(void)const " (__imp_?hands@Frame@Leap@@QBE?AVHandList@2@XZ) 외부 기호(참조 위치: "void __cdecl `dynamic initializer for 'hands''(void)" (??__Ehands@@YAXXZ) 함수)에서 확인하지 못했습니다.
controller.obj : error LNK2019: "__declspec(dllimport) public: class Leap::PointableList __thiscall Leap::Frame::pointables(void)const " (__imp_?pointables@Frame@Leap@@QBE?AVPointableList@2@XZ) 외부 기호(참조 위치: "void __cdecl `dynamic initializer for 'pointables''(void)" (??__Epointables@@YAXXZ) 함수)에서 확인하지 못했습니다.
controller.obj : error LNK2019: "__declspec(dllimport) public: class Leap::FingerList __thiscall Leap::Frame::fingers(void)const " (__imp_?fingers@Frame@Leap@@QBE?AVFingerList@2@XZ) 외부 기호(참조 위치: "void __cdecl `dynamic initializer for 'fingers''(void)" (??__Efingers@@YAXXZ) 함수)에서 확인하지 못했습니다.
controller.obj : error LNK2019: "__declspec(dllimport) public: class Leap::ToolList __thiscall Leap::Frame::tools(void)const " (__imp_?tools@Frame@Leap@@QBE?AVToolList@2@XZ) 외부 기호(참조 위치: "void __cdecl `dynamic initializer for 'tools''(void)" (??__Etools@@YAXXZ) 함수)에서 확인하지 못했습니다.
controller.obj : error LNK2019: "__declspec(dllimport) public: bool __thiscall Leap::Config::save(void)" (__imp_?save@Config@Leap@@QAE_NXZ) 외부 기호(참조 위치: "public: virtual void __thiscall LeapEventListener::onConnect(class Leap::Controller const &)" (?onConnect@LeapEventListener@@UAEXABVController@Leap@@@Z) 함수)에서 확인하지 못했습니다.
main.obj : error LNK2001: "__declspec(dllimport) public: bool __thiscall Leap::Config::save(void)" (__imp_?save@Config@Leap@@QAE_NXZ) 외부 기호를 확인할 수 없습니다.
controller.obj : error LNK2019: "__declspec(dllimport) private: bool __thiscall Leap::Config::setFloatCString(char const *,float)" (__imp_?setFloatCString@Config@Leap@@AAE_NPBDM@Z) 외부 기호(참조 위치: "public: bool __thiscall Leap::Config::setFloat(class std::basic_string<char,struct std::char_traits<char>,class std::allocator<char> > const &,float)" (?setFloat@Config@Leap@@QAE_NABV?$basic_string@DU?$char_traits@D@std@@V?$allocator@D@2@@std@@M@Z) 함수)에서 확인하지 못했습니다.
main.obj : error LNK2001: "__declspec(dllimport) private: bool __thiscall Leap::Config::setFloatCString(char const *,float)" (__imp_?setFloatCString@Config@Leap@@AAE_NPBDM@Z) 외부 기호를 확인할 수 없습니다.
controller.obj : error LNK2019: "__declspec(dllimport) public: __thiscall Leap::Controller::Controller(void)" (__imp_??0Controller@Leap@@QAE@XZ) 외부 기호(참조 위치: "void __cdecl `dynamic initializer for 'controller''(void)" (??__Econtroller@@YAXXZ) 함수)에서 확인하지 못했습니다.
controller.obj : error LNK2019: "__declspec(dllimport) public: virtual __thiscall Leap::Controller::~Controller(void)" (__imp_??1Controller@Leap@@UAE@XZ) 외부 기호(참조 위치: "void __cdecl `dynamic atexit destructor for 'controller''(void)" (??__Fcontroller@@YAXXZ) 함수)에서 확인하지 못했습니다.
controller.obj : error LNK2019: "__declspec(dllimport) public: class Leap::Frame __thiscall Leap::Controller::frame(int)const " (__imp_?frame@Controller@Leap@@QBE?AVFrame@2@H@Z) 외부 기호(참조 위치: "void __cdecl `dynamic initializer for 'frame''(void)" (??__Eframe@@YAXXZ) 함수)에서 확인하지 못했습니다.
main.obj : error LNK2001: "__declspec(dllimport) public: class Leap::Frame __thiscall Leap::Controller::frame(int)const " (__imp_?frame@Controller@Leap@@QBE?AVFrame@2@H@Z) 외부 기호를 확인할 수 없습니다.
controller.obj : error LNK2019: "__declspec(dllimport) public: class Leap::Config __thiscall Leap::Controller::config(void)const " (__imp_?config@Controller@Leap@@QBE?AVConfig@2@XZ) 외부 기호(참조 위치: "public: virtual void __thiscall LeapEventListener::onConnect(class Leap::Controller const &)" (?onConnect@LeapEventListener@@UAEXABVController@Leap@@@Z) 함수)에서 확인하지 못했습니다.
main.obj : error LNK2001: "__declspec(dllimport) public: class Leap::Config __thiscall Leap::Controller::config(void)const " (__imp_?config@Controller@Leap@@QBE?AVConfig@2@XZ) 외부 기호를 확인할 수 없습니다.
controller.obj : error LNK2019: "__declspec(dllimport) public: void __thiscall Leap::Controller::enableGesture(enum Leap::Gesture::Type,bool)const " (__imp_?enableGesture@Controller@Leap@@QBEXW4Type@Gesture@2@_N@Z) 외부 기호(참조 위치: "public: virtual void __thiscall LeapEventListener::onConnect(class Leap::Controller const &)" (?onConnect@LeapEventListener@@UAEXABVController@Leap@@@Z) 함수)에서 확인하지 못했습니다.
main.obj : error LNK2001: "__declspec(dllimport) public: void __thiscall Leap::Controller::enableGesture(enum Leap::Gesture::Type,bool)const " (__imp_?enableGesture@Controller@Leap@@QBEXW4Type@Gesture@2@_N@Z) 외부 기호를 확인할 수 없습니다.
controller.obj : error LNK2019: "__declspec(dllimport) public: __thiscall Leap::Listener::Listener(void)" (__imp_??0Listener@Leap@@QAE@XZ) 외부 기호(참조 위치: "public: __thiscall LeapEventListener::LeapEventListener(void)" (??0LeapEventListener@@QAE@XZ) 함수)에서 확인하지 못했습니다.
controller.obj : error LNK2019: "__declspec(dllimport) public: virtual __thiscall Leap::Listener::~Listener(void)" (__imp_??1Listener@Leap@@UAE@XZ) 외부 기호(참조 위치: "public: virtual __thiscall LeapEventListener::~LeapEventListener(void)" (??1LeapEventListener@@UAE@XZ) 함수)에서 확인하지 못했습니다.
controller.obj : error LNK2001: "public: virtual void __thiscall Leap::Listener::onDeviceChange(class Leap::Controller const &)" (?onDeviceChange@Listener@Leap@@UAEXABVController@2@@Z) 외부 기호를 확인할 수 없습니다.
controller.obj : error LNK2001: "public: virtual void __thiscall Leap::Listener::onDeviceFailure(class Leap::Controller const &)" (?onDeviceFailure@Listener@Leap@@UAEXABVController@2@@Z) 외부 기호를 확인할 수 없습니다.
controller.obj : error LNK2001: "public: virtual void __thiscall Leap::Listener::onExit(class Leap::Controller const &)" (?onExit@Listener@Leap@@UAEXABVController@2@@Z) 외부 기호를 확인할 수 없습니다.
controller.obj : error LNK2001: "public: virtual void __thiscall Leap::Listener::onFocusGained(class Leap::Controller const &)" (?onFocusGained@Listener@Leap@@UAEXABVController@2@@Z) 외부 기호를 확인할 수 없습니다.
controller.obj : error LNK2001: "public: virtual void __thiscall Leap::Listener::onFocusLost(class Leap::Controller const &)" (?onFocusLost@Listener@Leap@@UAEXABVController@2@@Z) 외부 기호를 확인할 수 없습니다.
controller.obj : error LNK2001: "public: virtual void __thiscall Leap::Listener::onImages(class Leap::Controller const &)" (?onImages@Listener@Leap@@UAEXABVController@2@@Z) 외부 기호를 확인할 수 없습니다.
controller.obj : error LNK2001: "public: virtual void __thiscall Leap::Listener::onInit(class Leap::Controller const &)" (?onInit@Listener@Leap@@UAEXABVController@2@@Z) 외부 기호를 확인할 수 없습니다.
controller.obj : error LNK2001: "public: virtual void __thiscall Leap::Listener::onLogMessage(class Leap::Controller const &,enum Leap::MessageSeverity,__int64,char const *)" (?onLogMessage@Listener@Leap@@UAEXABVController@2@W4MessageSeverity@2@_JPBD@Z) 외부 기호를 확인할 수 없습니다.
controller.obj : error LNK2001: "public: virtual void __thiscall Leap::Listener::onServiceChange(class Leap::Controller const &)" (?onServiceChange@Listener@Leap@@UAEXABVController@2@@Z) 외부 기호를 확인할 수 없습니다.
controller.obj : error LNK2001: "public: virtual void __thiscall Leap::Listener::onServiceConnect(class Leap::Controller const &)" (?onServiceConnect@Listener@Leap@@UAEXABVController@2@@Z) 외부 기호를 확인할 수 없습니다.
controller.obj : error LNK2001: "public: virtual void __thiscall Leap::Listener::onServiceDisconnect(class Leap::Controller const &)" (?onServiceDisconnect@Listener@Leap@@UAEXABVController@2@@Z) 외부 기호를 확인할 수 없습니다.
C:\Users\ParkSH\Documents\Visual Studio 2015\Projects\pygmalion_leapmotion/x64\Leap.lib : warning LNK4272: 'x64' 라이브러리 컴퓨터 종류가 'X86' 대상 컴퓨터 종류와 충돌합니다.
C:\Users\ParkSH\Documents\Visual Studio 2015\Projects\pygmalion_leapmotion\Debug\pygmalion_leapmotion.exe : fatal error LNK1120: 25개의 확인할 수 없는 외부 참조입니다.
